Determining if the pthread_create exist failed with the following output:
Change Dir: /home/jbmdumont/catkin_ws/build/CMakeFiles/CMakeTmp

Run Build Command:"/usr/bin/make" "cmTC_f2200/fast"
/usr/bin/make -f CMakeFiles/cmTC_f2200.dir/build.make CMakeFiles/cmTC_f2200.dir/build
make[1]: Entering directory '/home/jbmdumont/catkin_ws/build/CMakeFiles/CMakeTmp'
Building C object CMakeFiles/cmTC_f2200.dir/CheckSymbolExists.c.o
/usr/bin/cc     -o CMakeFiles/cmTC_f2200.dir/CheckSymbolExists.c.o   -c /home/jbmdumont/catkin_ws/build/CMakeFiles/CMakeTmp/CheckSymbolExists.c
Linking C executable cmTC_f2200
/usr/bin/cmake -E cmake_link_script CMakeFiles/cmTC_f2200.dir/link.txt --verbose=1
/usr/bin/cc       CMakeFiles/cmTC_f2200.dir/CheckSymbolExists.c.o  -o cmTC_f2200 -rdynamic 
CMakeFiles/cmTC_f2200.dir/CheckSymbolExists.c.o: In function `main':
CheckSymbolExists.c:(.text+0xe): undefined reference to `pthread_create'
CheckSymbolExists.c:(.text+0x12): undefined reference to `pthread_create'
collect2: error: ld returned 1 exit status
CMakeFiles/cmTC_f2200.dir/build.make:97: recipe for target 'cmTC_f2200' failed
make[1]: *** [cmTC_f2200] Error 1
make[1]: Leaving directory '/home/jbmdumont/catkin_ws/build/CMakeFiles/CMakeTmp'
Makefile:126: recipe for target 'cmTC_f2200/fast' failed
make: *** [cmTC_f2200/fast] Error 2

File /home/jbmdumont/catkin_ws/build/CMakeFiles/CMakeTmp/CheckSymbolExists.c:
/* */
#include <pthread.h>

int main(int argc, char** argv)
{
  (void)argv;
#ifndef pthread_create
  return ((int*)(&pthread_create))[argc];
#else
  (void)argc;
  return 0;
#endif
}

Determining if the function pthread_create exists in the pthreads failed with the following output:
Change Dir: /home/jbmdumont/catkin_ws/build/CMakeFiles/CMakeTmp

Run Build Command:"/usr/bin/make" "cmTC_48609/fast"
/usr/bin/make -f CMakeFiles/cmTC_48609.dir/build.make CMakeFiles/cmTC_48609.dir/build
make[1]: Entering directory '/home/jbmdumont/catkin_ws/build/CMakeFiles/CMakeTmp'
Building C object CMakeFiles/cmTC_48609.dir/CheckFunctionExists.c.o
/usr/bin/cc    -DCHECK_FUNCTION_EXISTS=pthread_create   -o CMakeFiles/cmTC_48609.dir/CheckFunctionExists.c.o   -c /usr/share/cmake-3.5/Modules/CheckFunctionExists.c
Linking C executable cmTC_48609
/usr/bin/cmake -E cmake_link_script CMakeFiles/cmTC_48609.dir/link.txt --verbose=1
/usr/bin/cc   -DCHECK_FUNCTION_EXISTS=pthread_create    CMakeFiles/cmTC_48609.dir/CheckFunctionExists.c.o  -o cmTC_48609 -rdynamic -lpthreads 
/usr/bin/ld: cannot find -lpthreads
collect2: error: ld returned 1 exit status
CMakeFiles/cmTC_48609.dir/build.make:97: recipe for target 'cmTC_48609' failed
make[1]: *** [cmTC_48609] Error 1
make[1]: Leaving directory '/home/jbmdumont/catkin_ws/build/CMakeFiles/CMakeTmp'
Makefile:126: recipe for target 'cmTC_48609/fast' failed
make: *** [cmTC_48609/fast] Error 2


Determining if the Q_WS_WIN exist failed with the following output:
Change Dir: /home/jbmdumont/catkin_ws/build/CMakeFiles/CMakeTmp

Run Build Command:"/usr/bin/make" "cmTC_a6f5d/fast"
make[1]: Entering directory '/home/jbmdumont/catkin_ws/build/CMakeFiles/CMakeTmp'
/usr/bin/make -f CMakeFiles/cmTC_a6f5d.dir/build.make CMakeFiles/cmTC_a6f5d.dir/build
make[2]: Entering directory '/home/jbmdumont/catkin_ws/build/CMakeFiles/CMakeTmp'
Building CXX object CMakeFiles/cmTC_a6f5d.dir/CheckSymbolExists.cxx.o
/usr/bin/c++    -I/usr/include/qt4   -o CMakeFiles/cmTC_a6f5d.dir/CheckSymbolExists.cxx.o -c /home/jbmdumont/catkin_ws/build/CMakeFiles/CMakeTmp/CheckSymbolExists.cxx
/home/jbmdumont/catkin_ws/build/CMakeFiles/CMakeTmp/CheckSymbolExists.cxx: In function ‘int main(int, char**)’:
/home/jbmdumont/catkin_ws/build/CMakeFiles/CMakeTmp/CheckSymbolExists.cxx:8:19: error: ‘Q_WS_WIN’ was not declared in this scope
   return ((int*)(&Q_WS_WIN))[argc];
                   ^
CMakeFiles/cmTC_a6f5d.dir/build.make:65: recipe for target 'CMakeFiles/cmTC_a6f5d.dir/CheckSymbolExists.cxx.o' failed
make[2]: *** [CMakeFiles/cmTC_a6f5d.dir/CheckSymbolExists.cxx.o] Error 1
make[2]: Leaving directory '/home/jbmdumont/catkin_ws/build/CMakeFiles/CMakeTmp'
Makefile:126: recipe for target 'cmTC_a6f5d/fast' failed
make[1]: *** [cmTC_a6f5d/fast] Error 2
make[1]: Leaving directory '/home/jbmdumont/catkin_ws/build/CMakeFiles/CMakeTmp'

File /home/jbmdumont/catkin_ws/build/CMakeFiles/CMakeTmp/CheckSymbolExists.cxx:
/* */
#include <QtCore/qglobal.h>

int main(int argc, char** argv)
{
  (void)argv;
#ifndef Q_WS_WIN
  return ((int*)(&Q_WS_WIN))[argc];
#else
  (void)argc;
  return 0;
#endif
}

Determining if the Q_WS_QWS exist failed with the following output:
Change Dir: /home/jbmdumont/catkin_ws/build/CMakeFiles/CMakeTmp

Run Build Command:"/usr/bin/make" "cmTC_2c85e/fast"
make[1]: Entering directory '/home/jbmdumont/catkin_ws/build/CMakeFiles/CMakeTmp'
/usr/bin/make -f CMakeFiles/cmTC_2c85e.dir/build.make CMakeFiles/cmTC_2c85e.dir/build
make[2]: Entering directory '/home/jbmdumont/catkin_ws/build/CMakeFiles/CMakeTmp'
Building CXX object CMakeFiles/cmTC_2c85e.dir/CheckSymbolExists.cxx.o
/usr/bin/c++    -I/usr/include/qt4   -o CMakeFiles/cmTC_2c85e.dir/CheckSymbolExists.cxx.o -c /home/jbmdumont/catkin_ws/build/CMakeFiles/CMakeTmp/CheckSymbolExists.cxx
/home/jbmdumont/catkin_ws/build/CMakeFiles/CMakeTmp/CheckSymbolExists.cxx: In function ‘int main(int, char**)’:
/home/jbmdumont/catkin_ws/build/CMakeFiles/CMakeTmp/CheckSymbolExists.cxx:8:19: error: ‘Q_WS_QWS’ was not declared in this scope
   return ((int*)(&Q_WS_QWS))[argc];
                   ^
CMakeFiles/cmTC_2c85e.dir/build.make:65: recipe for target 'CMakeFiles/cmTC_2c85e.dir/CheckSymbolExists.cxx.o' failed
make[2]: *** [CMakeFiles/cmTC_2c85e.dir/CheckSymbolExists.cxx.o] Error 1
make[2]: Leaving directory '/home/jbmdumont/catkin_ws/build/CMakeFiles/CMakeTmp'
Makefile:126: recipe for target 'cmTC_2c85e/fast' failed
make[1]: *** [cmTC_2c85e/fast] Error 2
make[1]: Leaving directory '/home/jbmdumont/catkin_ws/build/CMakeFiles/CMakeTmp'

File /home/jbmdumont/catkin_ws/build/CMakeFiles/CMakeTmp/CheckSymbolExists.cxx:
/* */
#include <QtCore/qglobal.h>

int main(int argc, char** argv)
{
  (void)argv;
#ifndef Q_WS_QWS
  return ((int*)(&Q_WS_QWS))[argc];
#else
  (void)argc;
  return 0;
#endif
}

Determining if the Q_WS_MAC exist failed with the following output:
Change Dir: /home/jbmdumont/catkin_ws/build/CMakeFiles/CMakeTmp

Run Build Command:"/usr/bin/make" "cmTC_bb6c7/fast"
make[1]: Entering directory '/home/jbmdumont/catkin_ws/build/CMakeFiles/CMakeTmp'
/usr/bin/make -f CMakeFiles/cmTC_bb6c7.dir/build.make CMakeFiles/cmTC_bb6c7.dir/build
make[2]: Entering directory '/home/jbmdumont/catkin_ws/build/CMakeFiles/CMakeTmp'
Building CXX object CMakeFiles/cmTC_bb6c7.dir/CheckSymbolExists.cxx.o
/usr/bin/c++    -I/usr/include/qt4   -o CMakeFiles/cmTC_bb6c7.dir/CheckSymbolExists.cxx.o -c /home/jbmdumont/catkin_ws/build/CMakeFiles/CMakeTmp/CheckSymbolExists.cxx
/home/jbmdumont/catkin_ws/build/CMakeFiles/CMakeTmp/CheckSymbolExists.cxx: In function ‘int main(int, char**)’:
/home/jbmdumont/catkin_ws/build/CMakeFiles/CMakeTmp/CheckSymbolExists.cxx:8:19: error: ‘Q_WS_MAC’ was not declared in this scope
   return ((int*)(&Q_WS_MAC))[argc];
                   ^
CMakeFiles/cmTC_bb6c7.dir/build.make:65: recipe for target 'CMakeFiles/cmTC_bb6c7.dir/CheckSymbolExists.cxx.o' failed
make[2]: *** [CMakeFiles/cmTC_bb6c7.dir/CheckSymbolExists.cxx.o] Error 1
make[2]: Leaving directory '/home/jbmdumont/catkin_ws/build/CMakeFiles/CMakeTmp'
Makefile:126: recipe for target 'cmTC_bb6c7/fast' failed
make[1]: *** [cmTC_bb6c7/fast] Error 2
make[1]: Leaving directory '/home/jbmdumont/catkin_ws/build/CMakeFiles/CMakeTmp'

File /home/jbmdumont/catkin_ws/build/CMakeFiles/CMakeTmp/CheckSymbolExists.cxx:
/* */
#include <QtCore/qglobal.h>

int main(int argc, char** argv)
{
  (void)argv;
#ifndef Q_WS_MAC
  return ((int*)(&Q_WS_MAC))[argc];
#else
  (void)argc;
  return 0;
#endif
}

